<?xml version="1.0" encoding="UTF-8"?>
<testsuite name="tests.StationDataAppTest" tests="1" skipped="0" failures="0" errors="0" timestamp="2018-04-01T15:23:13" hostname="DESKTOP-25SQQGT" time="7.714">
  <properties/>
  <testcase name="testInsertJson" classname="tests.StationDataAppTest" time="7.714"/>
  <system-out><![CDATA[]]></system-out>
  <system-err><![CDATA[9118 [Test worker] INFO com.datastax.driver.core.ClockFactory - Using java.lang.System clock to generate timestamps.
11139 [Test worker] INFO com.datastax.driver.core.policies.DCAwareRoundRobinPolicy - Using data-center name 'datacenter1' for DCAwareRoundRobinPolicy (if this is incorrect, please provide the correct datacenter name with DCAwareRoundRobinPolicy constructor)
11139 [Test worker] INFO com.datastax.driver.core.Cluster - New Cassandra host /54.191.120.32:9042 added
12341 [Test worker] INFO com.datastax.driver.core.ClockFactory - Using java.lang.System clock to generate timestamps.
14494 [Test worker] INFO com.datastax.driver.core.policies.DCAwareRoundRobinPolicy - Using data-center name 'datacenter1' for DCAwareRoundRobinPolicy (if this is incorrect, please provide the correct datacenter name with DCAwareRoundRobinPolicy constructor)
14494 [Test worker] INFO com.datastax.driver.core.Cluster - New Cassandra host /54.191.120.32:9042 added
16301 [Test worker] INFO datacontroller.StationDataApp - JSON object inserted into database

]]></system-err>
</testsuite>
